<?xml version="1.0" encoding="UTF-8"?>
<robot generator="Robot 6.1.1 (Python 3.12.0 on win32)" generated="20231103 15:59:13.633" rpa="false" schemaversion="4">
<suite id="s1" name="Basictest" source="C:\Users\dadaskalopoulos\RF-Scripts\basictest.robot">
<test id="s1-t1" name="Test some basics of my calculator application" line="5">
<kw name="Log To Console" library="BuiltIn">
<arg>Starting test</arg>
<doc>Logs the given message to the console.</doc>
<status status="PASS" starttime="20231103 15:59:13.805" endtime="20231103 15:59:13.805"/>
</kw>
<kw name="Verify app calculation" library="resources">
<arg>1 + 1</arg>
<arg>2</arg>
<kw name="Log To Console" library="BuiltIn">
<arg>Executing basictest.robot</arg>
<doc>Logs the given message to the console.</doc>
<status status="PASS" starttime="20231103 15:59:13.806" endtime="20231103 15:59:13.806"/>
</kw>
<kw name="Log To Console" library="BuiltIn">
<arg>Calculating: ${term}</arg>
<doc>Logs the given message to the console.</doc>
<status status="PASS" starttime="20231103 15:59:13.806" endtime="20231103 15:59:13.807"/>
</kw>
<kw name="Do Math" library="MyCalculatorApplication">
<var>${actual}</var>
<arg>${term}</arg>
<doc>Interpret input term as a mathematical expression
and return the result</doc>
<msg timestamp="20231103 15:59:13.807" level="INFO">${actual} = 2</msg>
<status status="PASS" starttime="20231103 15:59:13.807" endtime="20231103 15:59:13.807"/>
</kw>
<kw name="Log To Console" library="BuiltIn">
<arg>Calculated Result: ${actual}</arg>
<doc>Logs the given message to the console.</doc>
<status status="PASS" starttime="20231103 15:59:13.807" endtime="20231103 15:59:13.807"/>
</kw>
<kw name="Should Be Equal As Numbers" library="BuiltIn">
<arg>${actual}</arg>
<arg>${expected}</arg>
<doc>Fails if objects are unequal after converting them to real numbers.</doc>
<msg timestamp="20231103 15:59:13.808" level="INFO">Argument types are:
&lt;class 'int'&gt;
&lt;class 'str'&gt;</msg>
<status status="PASS" starttime="20231103 15:59:13.807" endtime="20231103 15:59:13.808"/>
</kw>
<status status="PASS" starttime="20231103 15:59:13.806" endtime="20231103 15:59:13.808"/>
</kw>
<status status="PASS" starttime="20231103 15:59:13.804" endtime="20231103 15:59:13.808"/>
</test>
<status status="PASS" starttime="20231103 15:59:13.634" endtime="20231103 15:59:13.809"/>
</suite>
<statistics>
<total>
<stat pass="1" fail="0" skip="0">All Tests</stat>
</total>
<tag>
</tag>
<suite>
<stat pass="1" fail="0" skip="0" id="s1" name="Basictest">Basictest</stat>
</suite>
</statistics>
<errors>
<msg timestamp="20231103 15:59:13.801" level="ERROR">Error in file 'C:\Users\dadaskalopoulos\RF-Scripts\resources.robot' on line 5: Importing library 'C:\Users\dadaskalopoulos\RF-Scripts/Libraries/SampleKeywordsLibrary.java' failed: Not a valid file or directory to import.</msg>
</errors>
</robot>
